<?xml version="1.0" encoding="UTF-8"?>
<!-- Generated by org.testng.reporters.JUnitXMLReporter -->
<testsuite ignored="0" hostname="Raghavendra" failures="0" tests="4" name="Test" time="50.363" errors="0" timestamp="2025-10-07T12:25:52 IST">
  <testcase classname="com.testscripts.Crm_Login_test" name="login" time="3.264"/>
  <testcase classname="com.testscripts.Crm_Login_test" name="selectusercolor" time="0.55"/>
  <testcase classname="com.testscripts.Crm_leave_test" name="leavepage" time="3.545"/>
  <testcase classname="com.testscripts.Crm_Pim_test" name="click_Pim" time="3.623"/>
</testsuite> <!-- Test -->
